<?xml version="1.0" encoding="UTF-8"?>
<testng-results ignored="0" total="1" passed="1" failed="0" skipped="0">
  <reporter-output>
  </reporter-output>
  <suite started-at="2022-02-01T22:10:03 IST" name="Default suite" finished-at="2022-02-01T22:10:03 IST" duration-ms="61">
    <groups>
    </groups>
    <test started-at="2022-02-01T22:10:03 IST" name="Default test" finished-at="2022-02-01T22:10:03 IST" duration-ms="61">
      <class name="DemoGit.Pratice1">
        <test-method signature="demoGit()[pri:0, instance:DemoGit.Pratice1@4e91d63f]" started-at="2022-02-01T22:10:03 IST" name="demoGit" finished-at="2022-02-01T22:10:03 IST" duration-ms="9" status="PASS">
          <reporter-output>
          </reporter-output>
        </test-method> <!-- demoGit -->
      </class> <!-- DemoGit.Pratice1 -->
    </test> <!-- Default test -->
  </suite> <!-- Default suite -->
</testng-results>
